Reading netlist file: "D:\Nano4KProjects\nano4k_spi_nor_flash\impl\gwsynthesis\nano4k_spi_nor_flash.vg"
Parsing netlist file "D:\Nano4KProjects\nano4k_spi_nor_flash\impl\gwsynthesis\nano4k_spi_nor_flash.vg" completed
Processing netlist completed
Reading constraint file: "D:\Nano4KProjects\nano4k_spi_nor_flash\src\nano4k_spi_nor_flash.cst"
Physical Constraint parsed completed
Running placement......
[10%] Placement Phase 0 completed
[20%] Placement Phase 1 completed
[30%] Placement Phase 2 completed
[50%] Placement Phase 3 completed
Running routing......
[60%] Routing Phase 0 completed
[70%] Routing Phase 1 completed
[80%] Routing Phase 2 completed
WARN  (PR1014) : Generic routing resource will be used to clock signal 'crystalClk_d' by the specified constraint. And then it may lead to the excessive delay or skew
[90%] Routing Phase 3 completed
Running timing analysis......
[95%] Timing analysis completed
Placement and routing completed
Bitstream generation in progress......
Bitstream generation completed
Running power analysis......
[100%] Power analysis completed
Generate file "D:\Nano4KProjects\nano4k_spi_nor_flash\impl\pnr\nano4k_spi_nor_flash.power.html" completed
Generate file "D:\Nano4KProjects\nano4k_spi_nor_flash\impl\pnr\nano4k_spi_nor_flash.pin.html" completed
Generate file "D:\Nano4KProjects\nano4k_spi_nor_flash\impl\pnr\nano4k_spi_nor_flash.rpt.html" completed
Generate file "D:\Nano4KProjects\nano4k_spi_nor_flash\impl\pnr\nano4k_spi_nor_flash.rpt.txt" completed
Generate file "D:\Nano4KProjects\nano4k_spi_nor_flash\impl\pnr\nano4k_spi_nor_flash.tr.html" completed
Mon Jul 25 00:43:17 2022

